<?xml version="1.0" encoding="UTF-8"?>
<!-- Generated by org.testng.reporters.JUnitReportReporter -->
<testsuite skipped="0" hostname="IN5CG63333QM" name="clone.CloneEclipse.First" tests="1" failures="0" timestamp="10 Feb 2020 07:59:36 GMT" time="0.031" errors="0">
  <testcase name="test" time="0.031" classname="clone.CloneEclipse.First"/>
</testsuite> <!-- clone.CloneEclipse.First -->
